-------------------------------------------------------------------------------
Test set: FACSWebsiteEnd.RemoteUtilsTest
-------------------------------------------------------------------------------
Tests run: 4, Failures: 0, Errors: 4, Skipped: 0, Time elapsed: 2 s <<< FAILURE! - in FACSWebsiteEnd.RemoteUtilsTest
testRemoteInvokeFACS01  Time elapsed: 0 s  <<< ERROR!
java.lang.IllegalStateException: Failed to load ApplicationContext
Caused by: org.springframework.beans.factory.BeanCreationException: Error creating bean with name 'facsController' defined in file [E:\ISYSLAB\fudan_ISTBI\FACS\FACSWebsiteEnd\target\classes\FACSWebsiteEnd\controller\FacsController.class]: Instantiation of bean failed; nested exception is org.springframework.beans.BeanInstantiationException: Failed to instantiate [FACSWebsiteEnd.controller.FacsController]: Constructor threw exception; nested exception is java.lang.NullPointerException
Caused by: org.springframework.beans.BeanInstantiationException: Failed to instantiate [FACSWebsiteEnd.controller.FacsController]: Constructor threw exception; nested exception is java.lang.NullPointerException
Caused by: java.lang.NullPointerException

testRemoteInvokeShell01  Time elapsed: 0 s  <<< ERROR!
java.lang.IllegalStateException: Failed to load ApplicationContext
Caused by: org.springframework.beans.factory.BeanCreationException: Error creating bean with name 'facsController' defined in file [E:\ISYSLAB\fudan_ISTBI\FACS\FACSWebsiteEnd\target\classes\FACSWebsiteEnd\controller\FacsController.class]: Instantiation of bean failed; nested exception is org.springframework.beans.BeanInstantiationException: Failed to instantiate [FACSWebsiteEnd.controller.FacsController]: Constructor threw exception; nested exception is java.lang.NullPointerException
Caused by: org.springframework.beans.BeanInstantiationException: Failed to instantiate [FACSWebsiteEnd.controller.FacsController]: Constructor threw exception; nested exception is java.lang.NullPointerException
Caused by: java.lang.NullPointerException

testRemoteInvokeShell02  Time elapsed: 0 s  <<< ERROR!
java.lang.IllegalStateException: Failed to load ApplicationContext
Caused by: org.springframework.beans.factory.BeanCreationException: Error creating bean with name 'facsController' defined in file [E:\ISYSLAB\fudan_ISTBI\FACS\FACSWebsiteEnd\target\classes\FACSWebsiteEnd\controller\FacsController.class]: Instantiation of bean failed; nested exception is org.springframework.beans.BeanInstantiationException: Failed to instantiate [FACSWebsiteEnd.controller.FacsController]: Constructor threw exception; nested exception is java.lang.NullPointerException
Caused by: org.springframework.beans.BeanInstantiationException: Failed to instantiate [FACSWebsiteEnd.controller.FacsController]: Constructor threw exception; nested exception is java.lang.NullPointerException
Caused by: java.lang.NullPointerException

testRemoteInvokeShell04  Time elapsed: 0 s  <<< ERROR!
java.lang.IllegalStateException: Failed to load ApplicationContext
Caused by: org.springframework.beans.factory.BeanCreationException: Error creating bean with name 'facsController' defined in file [E:\ISYSLAB\fudan_ISTBI\FACS\FACSWebsiteEnd\target\classes\FACSWebsiteEnd\controller\FacsController.class]: Instantiation of bean failed; nested exception is org.springframework.beans.BeanInstantiationException: Failed to instantiate [FACSWebsiteEnd.controller.FacsController]: Constructor threw exception; nested exception is java.lang.NullPointerException
Caused by: org.springframework.beans.BeanInstantiationException: Failed to instantiate [FACSWebsiteEnd.controller.FacsController]: Constructor threw exception; nested exception is java.lang.NullPointerException
Caused by: java.lang.NullPointerException

